# JRE version: Java(TM) SE Runtime Environment (8.0_401) (build 1.8.0_401-b10)
# Java VM: Java HotSpot(TM) 64-Bit Server VM (25.401-b10 mixed mode windows-amd64 compressed oops)
Heap:
 PSYoungGen      total 491008K, used 193902K [0x0000000716200000, 0x0000000741100000, 0x00000007c0000000)
  eden space 449536K, 43% used [0x0000000716200000,0x0000000721f5b8c0,0x0000000731900000)
  from space 41472K, 0% used [0x0000000731900000,0x0000000731900000,0x0000000734180000)
  to   space 48128K, 0% used [0x000000073e200000,0x000000073e200000,0x0000000741100000)
 ParOldGen       total 332288K, used 35908K [0x00000005c2600000, 0x00000005d6a80000, 0x0000000716200000)
  object space 332288K, 10% used [0x00000005c2600000,0x00000005c4911388,0x00000005d6a80000)
 Metaspace       used 33386K, capacity 34786K, committed 35456K, reserved 1081344K
  class space    used 3759K, capacity 4094K, committed 4224K, reserved 1048576K
GC Heap History (10 events):
Event: 4.330 GC heap before
{Heap before GC invocations=7 (full 1):
 PSYoungGen      total 205312K, used 205297K [0x0000000716200000, 0x000000072b000000, 0x00000007c0000000)
  eden space 183808K, 100% used [0x0000000716200000,0x0000000721580000,0x0000000721580000)
  from space 21504K, 99% used [0x0000000721580000,0x0000000722a7c640,0x0000000722a80000)
  to   space 32256K, 0% used [0x0000000729080000,0x0000000729080000,0x000000072b000000)
 ParOldGen       total 220160K, used 22621K [0x00000005c2600000, 0x00000005cfd00000, 0x0000000716200000)
  object space 220160K, 10% used [0x00000005c2600000,0x00000005c3c17628,0x00000005cfd00000)
 Metaspace       used 30502K, capacity 31772K, committed 31872K, reserved 1077248K
  class space    used 3539K, capacity 3882K, committed 3968K, reserved 1048576K
Event: 4.344 GC heap after
Heap after GC invocations=7 (full 1):
 PSYoungGen      total 309248K, used 25529K [0x0000000716200000, 0x000000072c700000, 0x00000007c0000000)
  eden space 276992K, 0% used [0x0000000716200000,0x0000000716200000,0x0000000727080000)
  from space 32256K, 79% used [0x0000000729080000,0x000000072a96e520,0x000000072b000000)
  to   space 32768K, 0% used [0x0000000727080000,0x0000000727080000,0x0000000729080000)
 ParOldGen       total 220160K, used 22629K [0x00000005c2600000, 0x00000005cfd00000, 0x0000000716200000)
  object space 220160K, 10% used [0x00000005c2600000,0x00000005c3c19628,0x00000005cfd00000)
 Metaspace       used 30502K, capacity 31772K, committed 31872K, reserved 1077248K
  class space    used 3539K, capacity 3882K, committed 3968K, reserved 1048576K
}
Event: 4.997 GC heap before
{Heap before GC invocations=8 (full 1):
 PSYoungGen      total 309248K, used 302521K [0x0000000716200000, 0x000000072c700000, 0x00000007c0000000)
  eden space 276992K, 100% used [0x0000000716200000,0x0000000727080000,0x0000000727080000)
  from space 32256K, 79% used [0x0000000729080000,0x000000072a96e520,0x000000072b000000)
  to   space 32768K, 0% used [0x0000000727080000,0x0000000727080000,0x0000000729080000)
 ParOldGen       total 220160K, used 22629K [0x00000005c2600000, 0x00000005cfd00000, 0x0000000716200000)
  object space 220160K, 10% used [0x00000005c2600000,0x00000005c3c19628,0x00000005cfd00000)
 Metaspace       used 30941K, capacity 32288K, committed 32384K, reserved 1077248K
  class space    used 3585K, capacity 3940K, committed 3968K, reserved 1048576K
Event: 5.016 GC heap after
Heap after GC invocations=8 (full 1):
 PSYoungGen      total 309760K, used 32760K [0x0000000716200000, 0x0000000736b00000, 0x00000007c0000000)
  eden space 276992K, 0% used [0x0000000716200000,0x0000000716200000,0x0000000727080000)
  from space 32768K, 99% used [0x0000000727080000,0x000000072907e3e0,0x0000000729080000)
  to   space 39936K, 0% used [0x0000000734400000,0x0000000734400000,0x0000000736b00000)
 ParOldGen       total 220160K, used 28290K [0x00000005c2600000, 0x00000005cfd00000, 0x0000000716200000)
  object space 220160K, 12% used [0x00000005c2600000,0x00000005c41a0868,0x00000005cfd00000)
 Metaspace       used 30941K, capacity 32288K, committed 32384K, reserved 1077248K
  class space    used 3585K, capacity 3940K, committed 3968K, reserved 1048576K
}
Event: 6.347 GC heap before
{Heap before GC invocations=9 (full 1):
 PSYoungGen      total 309760K, used 309752K [0x0000000716200000, 0x0000000736b00000, 0x00000007c0000000)
  eden space 276992K, 100% used [0x0000000716200000,0x0000000727080000,0x0000000727080000)
  from space 32768K, 99% used [0x0000000727080000,0x000000072907e3e0,0x0000000729080000)
  to   space 39936K, 0% used [0x0000000734400000,0x0000000734400000,0x0000000736b00000)
 ParOldGen       total 220160K, used 28290K [0x00000005c2600000, 0x00000005cfd00000, 0x0000000716200000)
  object space 220160K, 12% used [0x00000005c2600000,0x00000005c41a0868,0x00000005cfd00000)
 Metaspace       used 32661K, capacity 34032K, committed 34304K, reserved 1079296K
  class space    used 3742K, capacity 4072K, committed 4096K, reserved 1048576K
Event: 6.375 GC heap after
Heap after GC invocations=9 (full 1):
 PSYoungGen      total 488448K, used 32786K [0x0000000716200000, 0x0000000736a00000, 0x00000007c0000000)
  eden space 449536K, 0% used [0x0000000716200000,0x0000000716200000,0x0000000731900000)
  from space 38912K, 84% used [0x0000000734400000,0x0000000736404828,0x0000000736a00000)
  to   space 41472K, 0% used [0x0000000731900000,0x0000000731900000,0x0000000734180000)
 ParOldGen       total 220160K, used 47206K [0x00000005c2600000, 0x00000005cfd00000, 0x0000000716200000)
  object space 220160K, 21% used [0x00000005c2600000,0x00000005c5419b30,0x00000005cfd00000)
 Metaspace       used 32661K, capacity 34032K, committed 34304K, reserved 1079296K
  class space    used 3742K, capacity 4072K, committed 4096K, reserved 1048576K
}
Event: 8.092 GC heap before
{Heap before GC invocations=10 (full 1):
 PSYoungGen      total 488448K, used 221014K [0x0000000716200000, 0x0000000736a00000, 0x00000007c0000000)
  eden space 449536K, 41% used [0x0000000716200000,0x00000007219d1038,0x0000000731900000)
  from space 38912K, 84% used [0x0000000734400000,0x0000000736404828,0x0000000736a00000)
  to   space 41472K, 0% used [0x0000000731900000,0x0000000731900000,0x0000000734180000)
 ParOldGen       total 220160K, used 47206K [0x00000005c2600000, 0x00000005cfd00000, 0x0000000716200000)
  object space 220160K, 21% used [0x00000005c2600000,0x00000005c5419b30,0x00000005cfd00000)
 Metaspace       used 33912K, capacity 35386K, committed 35456K, reserved 1081344K
  class space    used 3860K, capacity 4181K, committed 4224K, reserved 1048576K
Event: 8.109 GC heap after
Heap after GC invocations=10 (full 1):
 PSYoungGen      total 491008K, used 41451K [0x0000000716200000, 0x0000000741100000, 0x00000007c0000000)
  eden space 449536K, 0% used [0x0000000716200000,0x0000000716200000,0x0000000731900000)
  from space 41472K, 99% used [0x0000000731900000,0x000000073417ac60,0x0000000734180000)
  to   space 48128K, 0% used [0x000000073e200000,0x000000073e200000,0x0000000741100000)
 ParOldGen       total 220160K, used 51813K [0x00000005c2600000, 0x00000005cfd00000, 0x0000000716200000)
  object space 220160K, 23% used [0x00000005c2600000,0x00000005c58994a8,0x00000005cfd00000)
 Metaspace       used 33912K, capacity 35386K, committed 35456K, reserved 1081344K
  class space    used 3860K, capacity 4181K, committed 4224K, reserved 1048576K
}
Event: 8.109 GC heap before
{Heap before GC invocations=11 (full 2):
 PSYoungGen      total 491008K, used 41451K [0x0000000716200000, 0x0000000741100000, 0x00000007c0000000)
  eden space 449536K, 0% used [0x0000000716200000,0x0000000716200000,0x0000000731900000)
  from space 41472K, 99% used [0x0000000731900000,0x000000073417ac60,0x0000000734180000)
  to   space 48128K, 0% used [0x000000073e200000,0x000000073e200000,0x0000000741100000)
 ParOldGen       total 220160K, used 51813K [0x00000005c2600000, 0x00000005cfd00000, 0x0000000716200000)
  object space 220160K, 23% used [0x00000005c2600000,0x00000005c58994a8,0x00000005cfd00000)
 Metaspace       used 33912K, capacity 35386K, committed 35456K, reserved 1081344K
  class space    used 3860K, capacity 4181K, committed 4224K, reserved 1048576K
Event: 8.164 GC heap after
Heap after GC invocations=11 (full 2):
 PSYoungGen      total 491008K, used 0K [0x0000000716200000, 0x0000000741100000, 0x00000007c0000000)
  eden space 449536K, 0% used [0x0000000716200000,0x0000000716200000,0x0000000731900000)
  from space 41472K, 0% used [0x0000000731900000,0x0000000731900000,0x0000000734180000)
  to   space 48128K, 0% used [0x000000073e200000,0x000000073e200000,0x0000000741100000)
 ParOldGen       total 332288K, used 35908K [0x00000005c2600000, 0x00000005d6a80000, 0x0000000716200000)
  object space 332288K, 10% used [0x00000005c2600000,0x00000005c4911388,0x00000005d6a80000)
 Metaspace       used 31825K, capacity 33178K, committed 35456K, reserved 1081344K
  class space    used 3628K, capacity 3925K, committed 4224K, reserved 1048576K
}

